<?xml version="1.0" encoding="UTF-8"?>
<!-- Generated by org.testng.reporters.JUnitXMLReporter -->
<testsuite ignored="0" hostname="VST" failures="3" tests="5" name="BankingApp Test 2" time="63.96" errors="0" timestamp="2024-04-13T20:43:20 IST">
  <testcase classname="com.guru99Bank.testCases.LoginTest_TC001" name="loginTest" time="1.856"/>
  <testcase classname="com.guru99Bank.testCases.LoginTest_TC002DDT" name="loginTestDDT" time="4.196">
    <failure type="java.lang.AssertionError" message="expected [true] but found [false]">
      <![CDATA[java.lang.AssertionError: expected [true] but found [false]
at com.guru99Bank.testCases.LoginTest_TC002DDT.loginTestDDT(LoginTest_TC002DDT.java:32)
at java.base/java.util.ArrayList.forEach(ArrayList.java:1511)
... Removed 31 stack frames]]>
    </failure>
  </testcase> <!-- loginTestDDT -->
  <testcase classname="com.guru99Bank.testCases.LoginTest_TC002DDT" name="loginTestDDT" time="4.73">
    <failure type="java.lang.AssertionError" message="expected [true] but found [false]">
      <![CDATA[java.lang.AssertionError: expected [true] but found [false]
at com.guru99Bank.testCases.LoginTest_TC002DDT.loginTestDDT(LoginTest_TC002DDT.java:32)
at java.base/java.util.ArrayList.forEach(ArrayList.java:1511)
... Removed 31 stack frames]]>
    </failure>
  </testcase> <!-- loginTestDDT -->
  <testcase classname="com.guru99Bank.testCases.LoginTest_TC002DDT" name="loginTestDDT" time="10.128"/>
  <testcase classname="com.guru99Bank.testCases.LoginTest_TC002DDT" name="loginTestDDT" time="4.68">
    <failure type="java.lang.AssertionError" message="expected [true] but found [false]">
      <![CDATA[java.lang.AssertionError: expected [true] but found [false]
at com.guru99Bank.testCases.LoginTest_TC002DDT.loginTestDDT(LoginTest_TC002DDT.java:32)
at java.base/java.util.ArrayList.forEach(ArrayList.java:1511)
... Removed 31 stack frames]]>
    </failure>
  </testcase> <!-- loginTestDDT -->
</testsuite> <!-- BankingApp Test 2 -->
